\BOOKMARK [0][-]{cover.0}{\376\377\134\001\227\142}{}% 1
\BOOKMARK [0][-]{.0}{\376\377\000R\000e\000v\000i\000s\000i\000o\000n\000\040\000H\000i\000s\000t\000o\000r\000y}{}% 2
\BOOKMARK [0][-]{toc.0}{\376\377\166\356\137\125}{}% 3
\BOOKMARK [0][-]{chapter.1}{\376\377\173\054\116\000\172\340\000\040\176\352\000\040\213\272}{}% 4
\BOOKMARK [1][-]{section.1.1}{\376\377\0001\000.\0001\000\040\163\312\164\132\377\010\000a\000C\000o\000r\000a\000l\377\011\173\200\116\313}{chapter.1}% 5
\BOOKMARK [1][-]{section.1.2}{\376\377\0001\000.\0002\000\040\000a\000C\000o\000r\000a\000l\121\205\150\070\176\323\147\204}{chapter.1}% 6
\BOOKMARK [1][-]{section.1.3}{\376\377\0001\000.\0003\000\040\147\054\145\207\166\204\116\073\211\201\215\041\163\056\116\016\122\033\145\260}{chapter.1}% 7
\BOOKMARK [1][-]{section.1.4}{\376\377\0001\000.\0004\000\040\147\054\213\272\145\207\166\204\176\323\147\204\133\211\143\222}{chapter.1}% 8
\BOOKMARK [0][-]{chapter.2}{\376\377\173\054\116\214\172\340\000\040\145\366\127\337\171\357\122\006\145\271\172\013\127\372\170\100}{}% 9
\BOOKMARK [1][-]{section.2.1}{\376\377\0002\000.\0001\000\040\145\366\127\337\171\357\122\006\145\271\172\013\166\204\174\173\127\213}{chapter.2}% 10
\BOOKMARK [1][-]{section.2.2}{\376\377\0002\000.\0002\000\040\172\172\225\364\127\372\121\375\145\160\116\016\145\366\225\364\127\372\121\375\145\160}{chapter.2}% 11
\BOOKMARK [2][-]{subsection.2.2.1}{\376\377\0002\000.\0002\000.\0001\000\040\172\172\225\364\127\372\121\375\145\160}{section.2.2}% 12
\BOOKMARK [2][-]{subsection.2.2.2}{\376\377\0002\000.\0002\000.\0002\000\040\145\366\225\364\127\372\121\375\145\160}{section.2.2}% 13
\BOOKMARK [3][-]{subsubsection.2.2.2.1}{\376\377\0002\000.\0002\000.\0002\000.\0001\000\040\145\366\127\337\145\271\154\325\162\171\147\011\166\204\134\125\137\000\121\375\145\160}{subsection.2.2.2}% 14
\BOOKMARK [3][-]{subsubsection.2.2.2.2}{\376\377\0002\000.\0002\000.\0002\000.\0002\000\040\230\221\127\337\145\271\154\325\162\171\147\011\166\204\134\125\137\000\121\375\145\160}{subsection.2.2.2}% 15
\BOOKMARK [1][-]{section.2.3}{\376\377\0002\000.\0003\000\040\121\145\134\004\154\342}{chapter.2}% 16
\BOOKMARK [1][-]{section.2.4}{\376\377\0002\000.\0004\000\040\147\054\172\340\134\017\176\323}{chapter.2}% 17
\BOOKMARK [0][-]{chapter.3}{\376\377\173\054\116\011\172\340\000\040\145\366\127\337\171\357\122\006\145\271\172\013\145\160\120\074\145\271\154\325\170\024\172\166\000s\000p\000g\000s\000p\000g}{}% 18
\BOOKMARK [1][-]{section.3.1}{\376\377\0003\000.\0001\000\040\145\366\127\337\171\357\122\006\145\271\172\013\145\366\225\364\153\145\217\333\173\227\154\325\166\204\226\073\142\227\121\103\175\040\174\276\170\156\213\241\173\227}{chapter.3}% 19
\BOOKMARK [2][-]{subsection.3.1.1}{\376\377\0003\000.\0001\000.\0001\000\040\145\366\127\337\171\357\122\006\145\271\172\013\145\366\225\364\153\145\217\333\173\227\154\325\116\247\165\037\166\204\226\073\142\227\167\351\226\065\166\204\162\171\137\201}{section.3.1}% 20
\BOOKMARK [2][-]{subsection.3.1.2}{\376\377\0003\000.\0001\000.\0002\000\040\145\160\120\074\173\227\117\213\116\016\122\006\147\220}{section.3.1}% 21
\BOOKMARK [1][-]{section.3.2}{\376\377\0003\000.\0002\000\040\145\366\127\337\171\357\122\006\145\271\172\013\145\366\225\364\153\145\217\333\173\227\154\325\167\351\226\065\145\271\172\013\166\204\154\102\211\343}{chapter.3}% 22
\BOOKMARK [1][-]{section.3.3}{\376\377\0003\000.\0003\000\040\147\054\172\340\134\017\176\323}{chapter.3}% 23
\BOOKMARK [0][-]{chapter.4}{\376\377\173\054\126\333\172\340\000\040\145\366\127\337\171\357\122\006\145\271\172\013\145\160\120\074\145\271\154\325\170\024\172\166}{}% 24
\BOOKMARK [1][-]{section.4.1}{\376\377\0004\000.\0001\000\040\145\366\127\337\171\357\122\006\145\271\172\013\145\366\225\364\153\145\217\333\173\227\154\325\166\204\226\073\142\227\121\103\175\040\174\276\170\156\213\241\173\227}{chapter.4}% 25
\BOOKMARK [1][-]{section.4.2}{\376\377\0004\000.\0002\000\040\145\366\127\337\171\357\122\006\145\271\172\013\145\366\225\364\153\145\217\333\173\227\154\325\226\073\142\227\167\351\226\065\166\204\133\130\120\250}{chapter.4}% 26
\BOOKMARK [2][-]{subsection.4.2.1}{\376\377\0004\000.\0002\000.\0001\000\040\145\366\127\337\171\357\122\006\145\271\172\013\145\366\225\364\153\145\217\333\173\227\154\325\116\247\165\037\166\204\226\073\142\227\167\351\226\065\166\204\162\171\137\201}{section.4.2}% 27
\BOOKMARK [2][-]{subsection.4.2.2}{\376\377\0004\000.\0002\000.\0002\000\040\145\160\120\074\173\227\117\213\116\016\122\006\147\220}{section.4.2}% 28
\BOOKMARK [1][-]{section.4.3}{\376\377\0004\000.\0003\000\040\145\366\127\337\171\357\122\006\145\271\172\013\145\366\225\364\153\145\217\333\173\227\154\325\167\351\226\065\145\271\172\013\166\204\154\102\211\343}{chapter.4}% 29
\BOOKMARK [1][-]{section.4.4}{\376\377\0004\000.\0004\000\040\147\054\172\340\134\017\176\323}{chapter.4}% 30
\BOOKMARK [0][-]{chapter.5}{\376\377\173\054\116\224\172\340\000\040\121\150\145\207\140\073\176\323\116\016\134\125\147\033}{}% 31
\BOOKMARK [1][-]{section.5.1}{\376\377\0005\000.\0001\000\040\121\150\145\207\140\073\176\323}{chapter.5}% 32
\BOOKMARK [1][-]{section.5.2}{\376\377\0005\000.\0002\000\040\124\016\176\355\135\345\117\134\134\125\147\033}{chapter.5}% 33
\BOOKMARK [0][-]{chapter*.7}{\376\377\201\364\000\040\214\042}{}% 34
\BOOKMARK [0][-]{appendix.A}{\376\377\226\104\137\125\000A\000\040\116\055\137\303\147\201\226\120\133\232\164\006\166\204\213\301\146\016}{}% 35
\BOOKMARK [1][-]{section.A.1}{\376\377\000A\000.\0001\000\040\232\330\145\257\122\006\136\003\124\214\117\057\122\252\122\051\133\236\232\214}{appendix.A}% 36
\BOOKMARK [0][-]{appendix*.8}{\376\377\131\026\145\207\215\104\145\231\123\237\145\207}{}% 37
\BOOKMARK [0][-]{appendix*.9}{\376\377\131\026\145\207\215\104\145\231\213\321\145\207}{}% 38
