This is XeTeX, Version 3.141592653-2.6-0.999993 (MiKTeX 22.1) (preloaded format=xelatex 2022.7.5)  5 JUL 2022 14:10
entering extended mode
 restricted \write18 enabled.
 file:line:error style messages enabled.
 %&-line parsing enabled.
**"/home/spg/Documents/aCoral/aCoral1-Document/aCoral-I Boot/aCoral-I Boot.tex"

(/home/spg/Documents/aCoral/aCoral1-Document/aCoral-I Boot/aCoral-I Boot.tex
LaTeX2e <2022-06-01> patch level 3
L3 programming layer <2022-06-16> (thesis-uestc.cls
Document Class: thesis-uestc 
(/usr/local/share/miktex-texmf/tex/latex/base/book.cls
Document Class: book 2021/10/04 v1.4n Standard LaTeX document class
(/usr/local/share/miktex-texmf/tex/latex/base/bk12.clo
File: bk12.clo 2021/10/04 v1.4n Standard LaTeX file (size option)
)
\c@part=\count181
\c@chapter=\count182
\c@section=\count183
\c@subsection=\count184
\c@subsubsection=\count185
\c@paragraph=\count186
\c@subparagraph=\count187
\c@figure=\count188
\c@table=\count189
\abovecaptionskip=\skip47
\belowcaptionskip=\skip48
\bibindent=\dimen138
)
(/usr/local/share/miktex-texmf/tex/generic/iftex/ifxetex.sty
Package: ifxetex 2019/10/25 v0.7 ifxetex legacy package. Use iftex instead.

(/usr/local/share/miktex-texmf/tex/generic/iftex/iftex.sty
Package: iftex 2022/02/03 v1.0f TeX engine tests
))
(/usr/local/share/miktex-texmf/tex/latex/xcolor/xcolor.sty
Package: xcolor 2022/06/12 v2.14 LaTeX color extensions (UK)

(/usr/local/share/miktex-texmf/tex/latex/graphics-cfg/color.cfg
File: color.cfg 2016/01/02 v1.6 sample color configuration
)
Package xcolor Info: Package option `usenames' ignored on input line 218.
Package xcolor Info: Driver file: xetex.def on input line 227.

(/usr/local/share/miktex-texmf/tex/latex/graphics-def/xetex.def
File: xetex.def 2022/04/16 v5.0m Graphics/color driver for xetex
)
(/home/spg/.miktex/texmfs/install/tex/latex/colortbl/colortbl.sty
Package: colortbl 2020/01/04 v1.0e Color table columns (DPC)

(/usr/local/share/miktex-texmf/tex/latex/tools/array.sty
Package: array 2021/10/04 v2.5f Tabular extension package (FMi)
\col@sep=\dimen139
\ar@mcellbox=\box51
\extrarowheight=\dimen140
\NC@list=\toks16
\extratabsurround=\skip49
\backup@length=\skip50
\ar@cellbox=\box52
)
\everycr=\toks17
\minrowclearance=\skip51
)
(/home/spg/.miktex/texmfs/install/tex/latex-dev/graphics/mathcolor.ltx)
\rownum=\count190
Package xcolor Info: Model `cmy' substituted by `cmy0' on input line 1353.
Package xcolor Info: Model `RGB' extended on input line 1369.
Package xcolor Info: Model `HTML' substituted by `rgb' on input line 1371.
Package xcolor Info: Model `Hsb' substituted by `hsb' on input line 1372.
Package xcolor Info: Model `tHsb' substituted by `hsb' on input line 1373.
Package xcolor Info: Model `HSB' substituted by `hsb' on input line 1374.
Package xcolor Info: Model `Gray' substituted by `gray' on input line 1375.
Package xcolor Info: Model `wave' substituted by `hsb' on input line 1376.

(/usr/local/share/miktex-texmf/tex/latex/graphics/dvipsnam.def
File: dvipsnam.def 2016/06/17 v3.0m Driver-dependent file (DPC,SPQR)
)
(/usr/local/share/miktex-texmf/tex/latex/xcolor/svgnam.def
File: svgnam.def 2022/06/12 v2.14 Predefined colors according to SVG 1.1 (UK)
))
(/usr/local/share/miktex-texmf/tex/latex/graphics/graphicx.sty
Package: graphicx 2021/09/16 v1.2d Enhanced LaTeX Graphics (DPC,SPQR)

(/usr/local/share/miktex-texmf/tex/latex/graphics/keyval.sty
Package: keyval 2022/05/29 v1.15 key=value parser (DPC)
\KV@toks@=\toks18
)
(/usr/local/share/miktex-texmf/tex/latex/graphics/graphics.sty
Package: graphics 2022/03/10 v1.4e Standard LaTeX Graphics (DPC,SPQR)

(/usr/local/share/miktex-texmf/tex/latex/graphics/trig.sty
Package: trig 2021/08/11 v1.11 sin cos tan (DPC)
)
(/usr/local/share/miktex-texmf/tex/latex/graphics-cfg/graphics.cfg
File: graphics.cfg 2016/06/04 v1.11 sample graphics configuration
)
Package graphics Info: Driver file: xetex.def on input line 107.
)
\Gin@req@height=\dimen141
\Gin@req@width=\dimen142
)
(/home/spg/.miktex/texmfs/install/tex/latex/caption/caption.sty
Package: caption 2022/03/01 v3.6b Customizing captions (AR)

(/home/spg/.miktex/texmfs/install/tex/latex/caption/caption3.sty
Package: caption3 2022/03/17 v2.3b caption3 kernel (AR)
\caption@tempdima=\dimen143
\captionmargin=\dimen144
\caption@leftmargin=\dimen145
\caption@rightmargin=\dimen146
\caption@width=\dimen147
\caption@indent=\dimen148
\caption@parindent=\dimen149
\caption@hangindent=\dimen150
Package caption Info: Standard document class detected.
)
\c@caption@flags=\count191
\c@continuedfloat=\count192
)
(/home/spg/.miktex/texmfs/install/tex/latex/booktabs/booktabs.sty
Package: booktabs 2020/01/12 v1.61803398 Publication quality tables
\heavyrulewidth=\dimen151
\lightrulewidth=\dimen152
\cmidrulewidth=\dimen153
\belowrulesep=\dimen154
\belowbottomsep=\dimen155
\aboverulesep=\dimen156
\abovetopsep=\dimen157
\cmidrulesep=\dimen158
\cmidrulekern=\dimen159
\defaultaddspace=\dimen160
\@cmidla=\count193
\@cmidlb=\count194
\@aboverulesep=\dimen161
\@belowrulesep=\dimen162
\@thisruleclass=\count195
\@lastruleclass=\count196
\@thisrulewidth=\dimen163
)
(/home/spg/.miktex/texmfs/install/tex/latex/setspace/setspace.sty
Package: setspace 2011/12/19 v6.7a set line spacing
)
(/home/spg/.miktex/texmfs/install/tex/latex/multirow/multirow.sty
Package: multirow 2021/03/15 v2.8 Span multiple rows of a table
\multirow@colwidth=\skip52
\multirow@cntb=\count197
\multirow@dima=\skip53
\bigstrutjot=\dimen164
)
(/usr/local/share/miktex-texmf/tex/latex/amsmath/amsmath.sty
Package: amsmath 2022/04/08 v2.17n AMS math features
\@mathmargin=\skip54

For additional information on amsmath, use the `?' option.
(/usr/local/share/miktex-texmf/tex/latex/amsmath/amstext.sty
Package: amstext 2021/08/26 v2.01 AMS text

(/usr/local/share/miktex-texmf/tex/latex/amsmath/amsgen.sty
File: amsgen.sty 1999/11/30 v2.0 generic functions
\@emptytoks=\toks19
\ex@=\dimen165
))
(/usr/local/share/miktex-texmf/tex/latex/amsmath/amsbsy.sty
Package: amsbsy 1999/11/29 v1.2d Bold Symbols
\pmbraise@=\dimen166
)
(/usr/local/share/miktex-texmf/tex/latex/amsmath/amsopn.sty
Package: amsopn 2022/04/08 v2.04 operator names
)
\inf@bad=\count198
LaTeX Info: Redefining \frac on input line 234.
\uproot@=\count199
\leftroot@=\count266
LaTeX Info: Redefining \overline on input line 399.
LaTeX Info: Redefining \colon on input line 410.
\classnum@=\count267
\DOTSCASE@=\count268
LaTeX Info: Redefining \ldots on input line 496.
LaTeX Info: Redefining \dots on input line 499.
LaTeX Info: Redefining \cdots on input line 620.
\Mathstrutbox@=\box53
\strutbox@=\box54
LaTeX Info: Redefining \big on input line 722.
LaTeX Info: Redefining \Big on input line 723.
LaTeX Info: Redefining \bigg on input line 724.
LaTeX Info: Redefining \Bigg on input line 725.
\big@size=\dimen167
LaTeX Font Info:    Redeclaring font encoding OML on input line 743.
LaTeX Font Info:    Redeclaring font encoding OMS on input line 744.
\macc@depth=\count269
LaTeX Info: Redefining \bmod on input line 905.
LaTeX Info: Redefining \pmod on input line 910.
LaTeX Info: Redefining \smash on input line 940.
LaTeX Info: Redefining \relbar on input line 970.
LaTeX Info: Redefining \Relbar on input line 971.
\c@MaxMatrixCols=\count270
\dotsspace@=\muskip16
\c@parentequation=\count271
\dspbrk@lvl=\count272
\tag@help=\toks20
\row@=\count273
\column@=\count274
\maxfields@=\count275
\andhelp@=\toks21
\eqnshift@=\dimen168
\alignsep@=\dimen169
\tagshift@=\dimen170
\tagwidth@=\dimen171
\totwidth@=\dimen172
\lineht@=\dimen173
\@envbody=\toks22
\multlinegap=\skip55
\multlinetaggap=\skip56
\mathdisplay@stack=\toks23
LaTeX Info: Redefining \[ on input line 2953.
LaTeX Info: Redefining \] on input line 2954.
)
(/usr/local/share/miktex-texmf/tex/latex/amsfonts/amssymb.sty
Package: amssymb 2013/01/14 v3.01 AMS font symbols

(/usr/local/share/miktex-texmf/tex/latex/amsfonts/amsfonts.sty
Package: amsfonts 2013/01/14 v3.01 Basic AMSFonts support
\symAMSa=\mathgroup4
\symAMSb=\mathgroup5
LaTeX Font Info:    Redeclaring math symbol \hbar on input line 98.
LaTeX Font Info:    Overwriting math alphabet `\mathfrak' in version `bold'
(Font)                  U/euf/m/n --> U/euf/b/n on input line 106.
))
(/home/spg/.miktex/texmfs/install/tex/latex/amscls/amsthm.sty
Package: amsthm 2020/05/29 v2.20.6
\thm@style=\toks24
\thm@bodyfont=\toks25
\thm@headfont=\toks26
\thm@notefont=\toks27
\thm@headpunct=\toks28
\thm@preskip=\skip57
\thm@postskip=\skip58
\thm@headsep=\skip59
\dth@everypar=\toks29
)
(/usr/local/share/miktex-texmf/tex/latex/lm/lmodern.sty
Package: lmodern 2015/05/01 v1.6.1 Latin Modern Fonts
LaTeX Font Info:    Overwriting symbol font `operators' in version `normal'
(Font)                  OT1/cmr/m/n --> OT1/lmr/m/n on input line 22.
LaTeX Font Info:    Overwriting symbol font `letters' in version `normal'
(Font)                  OML/cmm/m/it --> OML/lmm/m/it on input line 23.
LaTeX Font Info:    Overwriting symbol font `symbols' in version `normal'
(Font)                  OMS/cmsy/m/n --> OMS/lmsy/m/n on input line 24.
LaTeX Font Info:    Overwriting symbol font `largesymbols' in version `normal'
(Font)                  OMX/cmex/m/n --> OMX/lmex/m/n on input line 25.
LaTeX Font Info:    Overwriting symbol font `operators' in version `bold'
(Font)                  OT1/cmr/bx/n --> OT1/lmr/bx/n on input line 26.
LaTeX Font Info:    Overwriting symbol font `letters' in version `bold'
(Font)                  OML/cmm/b/it --> OML/lmm/b/it on input line 27.
LaTeX Font Info:    Overwriting symbol font `symbols' in version `bold'
(Font)                  OMS/cmsy/b/n --> OMS/lmsy/b/n on input line 28.
LaTeX Font Info:    Overwriting symbol font `largesymbols' in version `bold'
(Font)                  OMX/cmex/m/n --> OMX/lmex/m/n on input line 29.
LaTeX Font Info:    Overwriting math alphabet `\mathbf' in version `normal'
(Font)                  OT1/cmr/bx/n --> OT1/lmr/bx/n on input line 31.
LaTeX Font Info:    Overwriting math alphabet `\mathsf' in version `normal'
(Font)                  OT1/cmss/m/n --> OT1/lmss/m/n on input line 32.
LaTeX Font Info:    Overwriting math alphabet `\mathit' in version `normal'
(Font)                  OT1/cmr/m/it --> OT1/lmr/m/it on input line 33.
LaTeX Font Info:    Overwriting math alphabet `\mathtt' in version `normal'
(Font)                  OT1/cmtt/m/n --> OT1/lmtt/m/n on input line 34.
LaTeX Font Info:    Overwriting math alphabet `\mathbf' in version `bold'
(Font)                  OT1/cmr/bx/n --> OT1/lmr/bx/n on input line 35.
LaTeX Font Info:    Overwriting math alphabet `\mathsf' in version `bold'
(Font)                  OT1/cmss/bx/n --> OT1/lmss/bx/n on input line 36.
LaTeX Font Info:    Overwriting math alphabet `\mathit' in version `bold'
(Font)                  OT1/cmr/bx/it --> OT1/lmr/bx/it on input line 37.
LaTeX Font Info:    Overwriting math alphabet `\mathtt' in version `bold'
(Font)                  OT1/cmtt/m/n --> OT1/lmtt/m/n on input line 38.
)
(/home/spg/.miktex/texmfs/install/tex/latex/glossaries/base/glossaries.sty
Package: glossaries 2021/11/01 v4.49 (NLCT)

(/usr/local/share/miktex-texmf/tex/latex/base/ifthen.sty
Package: ifthen 2022/04/13 v1.1d Standard LaTeX ifthen package (DPC)
)
(/usr/local/share/miktex-texmf/tex/latex/xkeyval/xkeyval.sty
Package: xkeyval 2022/06/16 v2.9 package option processing (HA)

(/usr/local/share/miktex-texmf/tex/generic/xkeyval/xkeyval.tex
(/usr/local/share/miktex-texmf/tex/generic/xkeyval/xkvutils.tex
\XKV@toks=\toks30
\XKV@tempa@toks=\toks31
)
\XKV@depth=\count276
File: xkeyval.tex 2014/12/03 v2.7a key=value parser (HA)
))
(/home/spg/.miktex/texmfs/install/tex/latex/mfirstuc/mfirstuc.sty
Package: mfirstuc 2021/10/15 v2.07 (NLCT)

(/usr/local/share/miktex-texmf/tex/latex/etoolbox/etoolbox.sty
Package: etoolbox 2020/10/05 v2.5k e-TeX tools for LaTeX (JAW)
\etb@tempcnta=\count277
)
\@glsmfirst=\toks32
\@glsmrest=\toks33
)
(/home/spg/.miktex/texmfs/install/tex/latex/textcase/textcase.sty
Package: textcase 2022/06/12 v1.02 Text only upper/lower case changing (DPC)
Package textcase Info: Defining Legacy names on input line 20.
)
(/home/spg/.miktex/texmfs/install/tex/latex/xfor/xfor.sty
Package: xfor 2009/02/05 v1.05 (NLCT)
)
(/home/spg/.miktex/texmfs/install/tex/latex/datatool/datatool-base.sty
Package: datatool-base 2019/09/27 v2.32 (NLCT)

(/home/spg/.miktex/texmfs/install/tex/latex/substr/substr.sty
Package: substr 2009/10/20 v1.2 Handle substrings
\c@su@anzahl=\count278
)
(/home/spg/.miktex/texmfs/install/tex/latex/datatool/datatool-fp.sty
Package: datatool-fp 2019/09/27 v2.32 (NLCT)

(/home/spg/.miktex/texmfs/install/tex/latex/fp/fp.sty
Package: fp 1995/04/02

`Fixed Point Package', Version 0.8, April 2, 1995 (C) Michael Mehlich
(/home/spg/.miktex/texmfs/install/tex/latex/fp/defpattern.sty
Package: defpattern 1994/10/12
\actioncount=\count279
)
(/home/spg/.miktex/texmfs/install/tex/latex/fp/fp-basic.sty
Package: fp-basic 1996/05/13
\FP@xs=\count280
\FP@xia=\count281
\FP@xib=\count282
\FP@xfa=\count283
\FP@xfb=\count284
\FP@rega=\count285
\FP@regb=\count286
\FP@regs=\count287
\FP@times=\count288
)
(/home/spg/.miktex/texmfs/install/tex/latex/fp/fp-addons.sty
Package: fp-addons 1995/03/15
)
(/home/spg/.miktex/texmfs/install/tex/latex/fp/fp-snap.sty
Package: fp-snap 1995/04/05
)
(/home/spg/.miktex/texmfs/install/tex/latex/fp/fp-exp.sty
Package: fp-exp 1995/04/03
)
(/home/spg/.miktex/texmfs/install/tex/latex/fp/fp-trigo.sty
Package: fp-trigo 1995/04/14
)
(/home/spg/.miktex/texmfs/install/tex/latex/fp/fp-pas.sty
Package: fp-pas 1994/08/29
)
(/home/spg/.miktex/texmfs/install/tex/latex/fp/fp-random.sty
Package: fp-random 1995/02/23
\FPseed=\count289
)
(/home/spg/.miktex/texmfs/install/tex/latex/fp/fp-eqn.sty
Package: fp-eqn 1995/04/03
)
(/home/spg/.miktex/texmfs/install/tex/latex/fp/fp-upn.sty
Package: fp-upn 1996/10/21
)
(/home/spg/.miktex/texmfs/install/tex/latex/fp/fp-eval.sty
Package: fp-eval 1995/04/03
)))
\@dtl@toks=\toks34
\@dtl@tmpcount=\count290
\dtl@tmplength=\skip60
\dtl@sortresult=\count291
\@dtl@numgrpsepcount=\count292
\@dtl@datatype=\count293
\dtl@codeA=\count294
\dtl@codeB=\count295
\@dtl@foreach@level=\count296
)
(/home/spg/.miktex/texmfs/install/tex/latex/glossaries/base/glossaries-compatib
le-307.sty
Package: glossaries-compatible-307 2021/11/01 v4.49 (NLCT)
)
\gls@level=\count297
\@gls@tmpb=\toks35
\gls@tmplen=\skip61
\glskeylisttok=\toks36
\glslabeltok=\toks37
\glsshorttok=\toks38
\glslongtok=\toks39

(/home/spg/.miktex/texmfs/install/tex/latex/glossaries/styles/glossary-hypernav
.sty
Package: glossary-hypernav 2021/11/01 v4.49 (NLCT)
)
(/home/spg/.miktex/texmfs/install/tex/latex/glossaries/styles/glossary-list.sty
Package: glossary-list 2021/11/01 v4.49 (NLCT)
\glslistdottedwidth=\skip62
)
(/home/spg/.miktex/texmfs/install/tex/latex/glossaries/styles/glossary-long.sty
Package: glossary-long 2021/11/01 v4.49 (NLCT)
(/usr/local/share/miktex-texmf/tex/latex/tools/longtable.sty
Package: longtable 2021-09-01 v4.17 Multi-page Table package (DPC)
\LTleft=\skip63
\LTright=\skip64
\LTpre=\skip65
\LTpost=\skip66
\LTchunksize=\count298
\LTcapwidth=\dimen174
\LT@head=\box55
\LT@firsthead=\box56
\LT@foot=\box57
\LT@lastfoot=\box58
\LT@gbox=\box59
\LT@cols=\count299
\LT@rows=\count300
\c@LT@tables=\count301
\c@LT@chunks=\count302
\LT@p@ftn=\toks40
)
\glsdescwidth=\skip67
\glspagelistwidth=\skip68
)
(/home/spg/.miktex/texmfs/install/tex/latex/glossaries/styles/glossary-super.st
y
Package: glossary-super 2021/11/01 v4.49 (NLCT)
 (/home/spg/.miktex/texmfs/install/tex/latex/supertabular/supertabular.sty
Package: supertabular 2020/02/02 v4.1g the supertabular environment
\c@tracingst=\count303
\ST@wd=\dimen175
\ST@rightskip=\skip69
\ST@leftskip=\skip70
\ST@parfillskip=\skip71
\ST@pageleft=\dimen176
\ST@headht=\dimen177
\ST@tailht=\dimen178
\ST@pagesofar=\dimen179
\ST@pboxht=\dimen180
\ST@lineht=\dimen181
\ST@prevht=\dimen182
\ST@toadd=\dimen183
\ST@dimen=\dimen184
\ST@pbox=\box60
))
(/home/spg/.miktex/texmfs/install/tex/latex/glossaries/styles/glossary-tree.sty
Package: glossary-tree 2021/11/01 v4.49 (NLCT)
\glstreeindent=\skip72
)) (/home/spg/.miktex/texmfs/install/tex/xelatex/mathspec/mathspec.sty
Package: mathspec 2016/12/22 v0.2b LaTeX Package (Mathematics font selection fo
r XeLaTeX)

(/usr/local/share/miktex-texmf/tex/latex/fontspec/fontspec.sty
(/usr/local/share/miktex-texmf/tex/latex/l3packages/xparse/xparse.sty
(/usr/local/share/miktex-texmf/tex/latex/l3kernel/expl3.sty
Package: expl3 2022-06-16 L3 programming layer (loader) 

(/usr/local/share/miktex-texmf/tex/latex/l3backend/l3backend-xetex.def
File: l3backend-xetex.def 2022-04-20 L3 backend support: XeTeX
\g__graphics_track_int=\count304
\l__pdf_internal_box=\box61
\g__pdf_backend_object_int=\count305
\g__pdf_backend_annotation_int=\count306
\g__pdf_backend_link_int=\count307
))
Package: xparse 2022-06-22 L3 Experimental document command parser
)
Package: fontspec 2022/01/15 v2.8a Font selection for XeLaTeX and LuaLaTeX

(/usr/local/share/miktex-texmf/tex/latex/fontspec/fontspec-xetex.sty
Package: fontspec-xetex 2022/01/15 v2.8a Font selection for XeLaTeX and LuaLaTe
X
\l__fontspec_script_int=\count308
\l__fontspec_language_int=\count309
\l__fontspec_strnum_int=\count310
\l__fontspec_tmp_int=\count311
\l__fontspec_tmpa_int=\count312
\l__fontspec_tmpb_int=\count313
\l__fontspec_tmpc_int=\count314
\l__fontspec_em_int=\count315
\l__fontspec_emdef_int=\count316
\l__fontspec_strong_int=\count317
\l__fontspec_strongdef_int=\count318
\l__fontspec_tmpa_dim=\dimen185
\l__fontspec_tmpb_dim=\dimen186
\l__fontspec_tmpc_dim=\dimen187

(/usr/local/share/miktex-texmf/tex/latex/base/fontenc.sty
Package: fontenc 2021/04/29 v2.0v Standard LaTeX package
)
(/usr/local/share/miktex-texmf/tex/latex/fontspec/fontspec.cfg)))
\c@eu@=\count319
\c@eu@i=\count320
\c@mkern=\count321
)
(/home/spg/.miktex/texmfs/install/tex/xelatex/xecjk/xeCJK.sty
Package: xeCJK 2022/06/04 v3.8.9 Typesetting CJK scripts with XeLaTeX

(/home/spg/.miktex/texmfs/install/tex/latex/ctex/ctexhook.sty
Package: ctexhook 2022/06/04 v2.5.9 Document and package hooks (CTEX)
)
(/usr/local/share/miktex-texmf/tex/latex/l3packages/l3keys2e/l3keys2e.sty
Package: l3keys2e 2022-06-22 LaTeX2e option processing using LaTeX3 keys
)
(/usr/local/share/miktex-texmf/tex/latex/l3packages/xtemplate/xtemplate.sty
Package: xtemplate 2022-06-22 L3 Experimental prototype document functions
\l__xtemplate_tmp_dim=\dimen188
\l__xtemplate_tmp_int=\count322
\l__xtemplate_tmp_muskip=\muskip17
\l__xtemplate_tmp_skip=\skip73
)
\l__xeCJK_tmp_int=\count323
\l__xeCJK_tmp_box=\box62
\l__xeCJK_tmp_dim=\dimen189
\l__xeCJK_tmp_skip=\skip74
\g__xeCJK_space_factor_int=\count324
\l__xeCJK_begin_int=\count325
\l__xeCJK_end_int=\count326
\c__xeCJK_CJK_class_int=\XeTeXcharclass1
\c__xeCJK_FullLeft_class_int=\XeTeXcharclass2
\c__xeCJK_FullRight_class_int=\XeTeXcharclass3
\c__xeCJK_HalfLeft_class_int=\XeTeXcharclass4
\c__xeCJK_HalfRight_class_int=\XeTeXcharclass5
\c__xeCJK_NormalSpace_class_int=\XeTeXcharclass6
\c__xeCJK_CM_class_int=\XeTeXcharclass7
\c__xeCJK_HangulJamo_class_int=\XeTeXcharclass8
\l__xeCJK_last_skip=\skip75
\g__xeCJK_node_int=\count327
\c__xeCJK_CJK_node_dim=\dimen190
\c__xeCJK_CJK-space_node_dim=\dimen191
\c__xeCJK_default_node_dim=\dimen192
\c__xeCJK_default-space_node_dim=\dimen193
\c__xeCJK_CJK-widow_node_dim=\dimen194
\c__xeCJK_normalspace_node_dim=\dimen195
\l__xeCJK_ccglue_skip=\skip76
\l__xeCJK_ecglue_skip=\skip77
\l__xeCJK_punct_kern_skip=\skip78
\l__xeCJK_indent_box=\box63
\l__xeCJK_last_penalty_int=\count328
\l__xeCJK_last_bound_dim=\dimen196
\l__xeCJK_last_kern_dim=\dimen197
\l__xeCJK_widow_penalty_int=\count329

Package xtemplate Info: Declaring object type 'xeCJK/punctuation' taking 0
(xtemplate)             argument(s) on line 2352.

\l__xeCJK_fixed_punct_width_dim=\dimen198
\l__xeCJK_mixed_punct_width_dim=\dimen199
\l__xeCJK_middle_punct_width_dim=\dimen256
\l__xeCJK_fixed_margin_width_dim=\dimen257
\l__xeCJK_mixed_margin_width_dim=\dimen258
\l__xeCJK_middle_margin_width_dim=\dimen259
\l__xeCJK_bound_punct_width_dim=\dimen260
\l__xeCJK_bound_margin_width_dim=\dimen261
\l__xeCJK_margin_minimum_dim=\dimen262
\l__xeCJK_kerning_total_width_dim=\dimen263
\l__xeCJK_same_align_margin_dim=\dimen264
\l__xeCJK_different_align_margin_dim=\dimen265
\l__xeCJK_kerning_margin_width_dim=\dimen266
\l__xeCJK_kerning_margin_minimum_dim=\dimen267
\l__xeCJK_bound_dim=\dimen268
\l__xeCJK_reverse_bound_dim=\dimen269
\l__xeCJK_margin_dim=\dimen270
\l__xeCJK_minimum_bound_dim=\dimen271
\l__xeCJK_kerning_margin_dim=\dimen272
\g__xeCJK_family_int=\count330
\l__xeCJK_fam_int=\count331
\g__xeCJK_fam_allocation_int=\count332
\l__xeCJK_verb_case_int=\count333
\l__xeCJK_verb_exspace_skip=\skip79

(/home/spg/.miktex/texmfs/install/tex/xelatex/xecjk/xeCJK.cfg
File: xeCJK.cfg 2022/06/04 v3.8.9 Configuration file for xeCJK package
))
(/home/spg/.miktex/texmfs/install/tex/latex/ifplatform/ifplatform.sty
Package: ifplatform 2017/10/13 v0.4a Testing for the operating system

(/usr/local/share/miktex-texmf/tex/latex/tools/shellesc.sty
Package: shellesc 2019/11/08 v1.0c unified shell escape interface for LaTeX
Package shellesc Info: Restricted shell escape enabled on input line 77.
)
(/usr/local/share/miktex-texmf/tex/generic/pdftexcmds/pdftexcmds.sty
Package: pdftexcmds 2020-06-27 v0.33 Utility functions of pdfTeX for LuaTeX (HO
)

(/home/spg/.miktex/texmfs/install/tex/generic/infwarerr/infwarerr.sty
Package: infwarerr 2019/12/03 v1.5 Providing info/warning/error messages (HO)
)
(/home/spg/.miktex/texmfs/install/tex/generic/ltxcmds/ltxcmds.sty
Package: ltxcmds 2020-05-10 v1.25 LaTeX kernel commands for general use (HO)
)
Package pdftexcmds Info: \pdf@primitive is available.
Package pdftexcmds Info: \pdf@ifprimitive is available.
Package pdftexcmds Info: \pdfdraftmode not found.
)
(/home/spg/.miktex/texmfs/install/tex/generic/catchfile/catchfile.sty
Package: catchfile 2019/12/09 v1.8 Catch the contents of a file (HO)

(/home/spg/.miktex/texmfs/install/tex/generic/etexcmds/etexcmds.sty
Package: etexcmds 2019/12/15 v1.7 Avoid name clashes with e-TeX commands (HO)
))
(/usr/local/share/miktex-texmf/tex/generic/iftex/ifluatex.sty
Package: ifluatex 2019/10/25 v1.5 ifluatex legacy package. Use iftex instead.
)

Package ifplatform Warning: 
    shell escape is disabled, so I can only detect \ifwindows.

)

thesis-uestc.cls:62: Package fontspec Error: The font "fzsong" cannot be found.


For immediate help type H <return>.
 ...                                              
                                                  
l.62 ...CJKmainfont[AutoFakeBold=true]{fzsong.ttf}
                                                  

A font might not be found for many reasons.
 Check the spelling, where the font is installed etc. etc.

 When in doubt, ask someone for help!



Package fontspec Warning: Font "fzsong" does not contain requested Script
(fontspec)                "CJK".


thesis-uestc.cls:62: Package fontspec Error: The font "fzsong" cannot be found.


For immediate help type H <return>.
 ...                                              
                                                  
l.62 ...CJKmainfont[AutoFakeBold=true]{fzsong.ttf}
                                                  

A font might not be found for many reasons.
 Check the spelling, where the font is installed etc. etc.

 When in doubt, ask someone for help!



thesis-uestc.cls:62: Package fontspec Error: The font "fzsong" cannot be found.


For immediate help type H <return>.
 ...                                              
                                                  
l.62 ...CJKmainfont[AutoFakeBold=true]{fzsong.ttf}
                                                  

A font might not be found for many reasons.
 Check the spelling, where the font is installed etc. etc.

 When in doubt, ask someone for help!



thesis-uestc.cls:62: Package fontspec Error: The font "fzsong" cannot be found.


For immediate help type H <return>.
 ...                                              
                                                  
l.62 ...CJKmainfont[AutoFakeBold=true]{fzsong.ttf}
                                                  

A font might not be found for many reasons.
 Check the spelling, where the font is installed etc. etc.

 When in doubt, ask someone for help!



thesis-uestc.cls:62: Package fontspec Error: The font "fzsong" cannot be found.


For immediate help type H <return>.
 ...                                              
                                                  
l.62 ...CJKmainfont[AutoFakeBold=true]{fzsong.ttf}
                                                  

A font might not be found for many reasons.
 Check the spelling, where the font is installed etc. etc.

 When in doubt, ask someone for help!



Package fontspec Info: Font family 'fzsong.ttf(0)' created for font
(fontspec)             'fzsong.ttf' with options
(fontspec)             [Script={CJK},AutoFakeBold={4}].
(fontspec)              
(fontspec)              This font family consists of the following NFSS
(fontspec)             series/shapes:
(fontspec)              
(fontspec)             - 'normal' (m/n) with NFSS spec.: <->"[fzsong.ttf]/OT"
(fontspec)             - 'small caps'  (m/sc) with NFSS spec.:
(fontspec)             <->"[fzsong.ttf]/OT"
(fontspec)             - 'bold' (b/n) with NFSS spec.:
(fontspec)             <->"[fzsong.ttf]/OT:embolden=4;"
(fontspec)             - 'bold small caps'  (b/sc) with NFSS spec.:
(fontspec)             <->"[fzsong.ttf]/OT:embolden=4;"


thesis-uestc.cls:65: Package fontspec Error: The font "fzhei" cannot be found.

For immediate help type H <return>.
 ...                                              
                                                  
l.65   \setallmainfonts
                       [

A font might not be found for many reasons.
 Check the spelling, where the font is installed etc. etc.

 When in doubt, ask someone for help!



thesis-uestc.cls:65: Package fontspec Error: The font "fzhei" cannot be found.

For immediate help type H <return>.
 ...                                              
                                                  
l.65   \setallmainfonts
                       [

A font might not be found for many reasons.
 Check the spelling, where the font is installed etc. etc.

 When in doubt, ask someone for help!



thesis-uestc.cls:65: Package fontspec Error: The font "fzhei" cannot be found.

For immediate help type H <return>.
 ...                                              
                                                  
l.65   \setallmainfonts
                       [

A font might not be found for many reasons.
 Check the spelling, where the font is installed etc. etc.

 When in doubt, ask someone for help!



Package fontspec Info: Font family 'fzhei.ttf(0)' created for font 'fzhei.ttf'
(fontspec)             with options [].
(fontspec)              
(fontspec)              This font family consists of the following NFSS
(fontspec)             series/shapes:
(fontspec)              
(fontspec)             - 'normal' (m/n) with NFSS spec.: <->"[fzhei.ttf]/OT"
(fontspec)             - 'small caps'  (m/sc) with NFSS spec.:
(fontspec)             <->"[fzhei.ttf]/OT"


thesis-uestc.cls:69: Package fontspec Error: The font "times" cannot be found.

For immediate help type H <return>.
 ...                                              
                                                  
l.69   ]{times.ttf}
                   

A font might not be found for many reasons.
 Check the spelling, where the font is installed etc. etc.

 When in doubt, ask someone for help!



thesis-uestc.cls:69: Package fontspec Error: The font "times" cannot be found.

For immediate help type H <return>.
 ...                                              
                                                  
l.69   ]{times.ttf}
                   

A font might not be found for many reasons.
 Check the spelling, where the font is installed etc. etc.

 When in doubt, ask someone for help!



thesis-uestc.cls:69: Package fontspec Error: The font "times" cannot be found.

For immediate help type H <return>.
 ...                                              
                                                  
l.69   ]{times.ttf}
                   

A font might not be found for many reasons.
 Check the spelling, where the font is installed etc. etc.

 When in doubt, ask someone for help!



thesis-uestc.cls:69: Package fontspec Error: The font "timesbd.ttf" cannot be f
ound.

For immediate help type H <return>.
 ...                                              
                                                  
l.69   ]{times.ttf}
                   

A font might not be found for many reasons.
 Check the spelling, where the font is installed etc. etc.

 When in doubt, ask someone for help!



thesis-uestc.cls:69: Package fontspec Error: The font "timesbd" cannot be found
.

For immediate help type H <return>.
 ...                                              
                                                  
l.69   ]{times.ttf}
                   

A font might not be found for many reasons.
 Check the spelling, where the font is installed etc. etc.

 When in doubt, ask someone for help!



thesis-uestc.cls:69: Package fontspec Error: The font "timesi.ttf" cannot be fo
und.

For immediate help type H <return>.
 ...                                              
                                                  
l.69   ]{times.ttf}
                   

A font might not be found for many reasons.
 Check the spelling, where the font is installed etc. etc.

 When in doubt, ask someone for help!



thesis-uestc.cls:69: Package fontspec Error: The font "timesi" cannot be found.


For immediate help type H <return>.
 ...                                              
                                                  
l.69   ]{times.ttf}
                   

A font might not be found for many reasons.
 Check the spelling, where the font is installed etc. etc.

 When in doubt, ask someone for help!



thesis-uestc.cls:69: Package fontspec Error: The font "timesbi.ttf" cannot be f
ound.

For immediate help type H <return>.
 ...                                              
                                                  
l.69   ]{times.ttf}
                   

A font might not be found for many reasons.
 Check the spelling, where the font is installed etc. etc.

 When in doubt, ask someone for help!



thesis-uestc.cls:69: Package fontspec Error: The font "timesbi" cannot be found
.

For immediate help type H <return>.
 ...                                              
                                                  
l.69   ]{times.ttf}
                   

A font might not be found for many reasons.
 Check the spelling, where the font is installed etc. etc.

 When in doubt, ask someone for help!



Package fontspec Info: Font family 'times.ttf(0)' created for font 'times.ttf'
(fontspec)             with options
(fontspec)             [Ligatures=TeX,BoldFont=timesbd.ttf,ItalicFont=timesi.tt
f,BoldItalicFont=timesbi.ttf].
(fontspec)              
(fontspec)              This font family consists of the following NFSS
(fontspec)             series/shapes:
(fontspec)              
(fontspec)             - 'normal' (m/n) with NFSS spec.: <->"[times.ttf]/OT"
(fontspec)             - 'small caps'  (m/sc) with NFSS spec.:
(fontspec)             <->"[times.ttf]/OT"
(fontspec)             - 'bold' (b/n) with NFSS spec.: <->"[timesbd.ttf]/OT"
(fontspec)             - 'bold small caps'  (b/sc) with NFSS spec.:
(fontspec)             <->"[timesbd.ttf]/OT"
(fontspec)             - 'italic' (m/it) with NFSS spec.: <->"[timesi.ttf]/OT"
(fontspec)             - 'italic small caps'  (m/scit) with NFSS spec.:
(fontspec)             <->"[timesi.ttf]/OT"
(fontspec)             - 'bold italic' (b/it) with NFSS spec.:
(fontspec)             <->"[timesbi.ttf]/OT"
(fontspec)             - 'bold italic small caps'  (b/scit) with NFSS spec.:
(fontspec)             <->"[timesbi.ttf]/OT"

thesis-uestc.cls:69: Font TU/times.ttf(0)/m/n/12=[times.ttf]/OT at 12.0pt not l
oadable: Metric (TFM) file or installed font not found.
<to be read again> 
                   relax 
l.69   ]{times.ttf}
                   
I wasn't able to read the size data for this font,
so I will ignore the font specification.
[Wizards can fix TFM files using TFtoPL/PLtoTF.]
You might try inserting a different font spec;
e.g., type `I\font<same font id>=<substitute font name>'.


thesis-uestc.cls:69: Package fontspec Error: The font "times" cannot be found.

For immediate help type H <return>.
 ...                                              
                                                  
l.69   ]{times.ttf}
                   

A font might not be found for many reasons.
 Check the spelling, where the font is installed etc. etc.

 When in doubt, ask someone for help!


\symDigits:m:n=\mathgroup6

thesis-uestc.cls:69: Package fontspec Error: The font "times" cannot be found.

For immediate help type H <return>.
 ...                                              
                                                  
l.69   ]{times.ttf}
                   

A font might not be found for many reasons.
 Check the spelling, where the font is installed etc. etc.

 When in doubt, ask someone for help!


\symLatin:m:n=\mathgroup7
\symLatin:m:it=\mathgroup8

thesis-uestc.cls:69: Package fontspec Error: The font "times" cannot be found.

For immediate help type H <return>.
 ...                                              
                                                  
l.69   ]{times.ttf}
                   

A font might not be found for many reasons.
 Check the spelling, where the font is installed etc. etc.

 When in doubt, ask someone for help!


\symGreek:m:n=\mathgroup9
\symGreek:m:it=\mathgroup10
thesis-uestc.cls:69: Cannot use \XeTeXcharglyph with nullfont; not a native pla
tform font.
\\XeTeXDeclareMathSymbol@option ...XeTeXcharglyph 
                                                  \XeTeXDeclareMathSymbol@sl...
l.69   ]{times.ttf}
                   

thesis-uestc.cls:69: Missing = inserted for \ifnum.
<to be read again> 
                   `
l.69   ]{times.ttf}
                   
I was expecting to see `<', `=', or `>'. Didn't.

thesis-uestc.cls:69: Cannot use \XeTeXcharglyph with nullfont; not a native pla
tform font.
\\XeTeXDeclareMathSymbol@option ...XeTeXcharglyph 
                                                  \XeTeXDeclareMathSymbol@sl...
l.69   ]{times.ttf}
                   

thesis-uestc.cls:69: Missing = inserted for \ifnum.
<to be read again> 
                   `
l.69   ]{times.ttf}
                   
I was expecting to see `<', `=', or `>'. Didn't.

thesis-uestc.cls:69: Cannot use \XeTeXcharglyph with nullfont; not a native pla
tform font.
\\XeTeXDeclareMathSymbol@option ...XeTeXcharglyph 
                                                  \XeTeXDeclareMathSymbol@sl...
l.69   ]{times.ttf}
                   

thesis-uestc.cls:69: Missing = inserted for \ifnum.
<to be read again> 
                   `
l.69   ]{times.ttf}
                   
I was expecting to see `<', `=', or `>'. Didn't.

thesis-uestc.cls:69: Cannot use \XeTeXcharglyph with nullfont; not a native pla
tform font.
\\XeTeXDeclareMathSymbol@option ...XeTeXcharglyph 
                                                  \XeTeXDeclareMathSymbol@sl...
l.69   ]{times.ttf}
                   

thesis-uestc.cls:69: Missing = inserted for \ifnum.
<to be read again> 
                   `
l.69   ]{times.ttf}
                   
I was expecting to see `<', `=', or `>'. Didn't.

thesis-uestc.cls:69: Cannot use \XeTeXcharglyph with nullfont; not a native pla
tform font.
\\XeTeXDeclareMathSymbol@option ...XeTeXcharglyph 
                                                  \XeTeXDeclareMathSymbol@sl...
l.69   ]{times.ttf}
                   

thesis-uestc.cls:69: Missing = inserted for \ifnum.
<to be read again> 
                   `
l.69   ]{times.ttf}
                   
I was expecting to see `<', `=', or `>'. Didn't.

thesis-uestc.cls:69: Cannot use \XeTeXcharglyph with nullfont; not a native pla
tform font.
\\XeTeXDeclareMathSymbol@option ...XeTeXcharglyph 
                                                  \XeTeXDeclareMathSymbol@sl...
l.69   ]{times.ttf}
                   

thesis-uestc.cls:69: Missing = inserted for \ifnum.
<to be read again> 
                   `
l.69   ]{times.ttf}
                   
I was expecting to see `<', `=', or `>'. Didn't.

thesis-uestc.cls:69: Cannot use \XeTeXcharglyph with nullfont; not a native pla
tform font.
\\XeTeXDeclareMathSymbol@option ...XeTeXcharglyph 
                                                  \XeTeXDeclareMathSymbol@sl...
l.69   ]{times.ttf}
                   

thesis-uestc.cls:69: Missing = inserted for \ifnum.
<to be read again> 
                   `
l.69   ]{times.ttf}
                   
I was expecting to see `<', `=', or `>'. Didn't.

thesis-uestc.cls:69: Cannot use \XeTeXcharglyph with nullfont; not a native pla
tform font.
\\XeTeXDeclareMathSymbol@option ...XeTeXcharglyph 
                                                  \XeTeXDeclareMathSymbol@sl...
l.69   ]{times.ttf}
                   

thesis-uestc.cls:69: Missing = inserted for \ifnum.
<to be read again> 
                   `
l.69   ]{times.ttf}
                   
I was expecting to see `<', `=', or `>'. Didn't.

thesis-uestc.cls:69: Cannot use \XeTeXcharglyph with nullfont; not a native pla
tform font.
\\XeTeXDeclareMathSymbol@option ...XeTeXcharglyph 
                                                  \XeTeXDeclareMathSymbol@sl...
l.69   ]{times.ttf}
                   

thesis-uestc.cls:69: Missing = inserted for \ifnum.
<to be read again> 
                   `
l.69   ]{times.ttf}
                   
I was expecting to see `<', `=', or `>'. Didn't.

thesis-uestc.cls:69: Cannot use \XeTeXcharglyph with nullfont; not a native pla
tform font.
\\XeTeXDeclareMathSymbol@option ...XeTeXcharglyph 
                                                  \XeTeXDeclareMathSymbol@sl...
l.69   ]{times.ttf}
                   

thesis-uestc.cls:69: Missing = inserted for \ifnum.
<to be read again> 
                   `
l.69   ]{times.ttf}
                   
I was expecting to see `<', `=', or `>'. Didn't.

thesis-uestc.cls:69: Cannot use \XeTeXcharglyph with nullfont; not a native pla
tform font.
\\XeTeXDeclareMathSymbol@option ...XeTeXcharglyph 
                                                  \XeTeXDeclareMathSymbol@sl...
l.69   ]{times.ttf}
                   

thesis-uestc.cls:69: Missing = inserted for \ifnum.
<to be read again> 
                   `
l.69   ]{times.ttf}
                   
I was expecting to see `<', `=', or `>'. Didn't.

thesis-uestc.cls:69: Cannot use \XeTeXcharglyph with nullfont; not a native pla
tform font.
\\XeTeXDeclareMathSymbol@option ...XeTeXcharglyph 
                                                  \XeTeXDeclareMathSymbol@sl...
l.69   ]{times.ttf}
                   

thesis-uestc.cls:69: Missing = inserted for \ifnum.
<to be read again> 
                   `
l.69   ]{times.ttf}
                   
I was expecting to see `<', `=', or `>'. Didn't.

thesis-uestc.cls:69: Cannot use \XeTeXcharglyph with nullfont; not a native pla
tform font.
\\XeTeXDeclareMathSymbol@option ...XeTeXcharglyph 
                                                  \XeTeXDeclareMathSymbol@sl...
l.69   ]{times.ttf}
                   

thesis-uestc.cls:69: Missing = inserted for \ifnum.
<to be read again> 
                   `
l.69   ]{times.ttf}
                   
I was expecting to see `<', `=', or `>'. Didn't.

thesis-uestc.cls:69: Cannot use \XeTeXcharglyph with nullfont; not a native pla
tform font.
\\XeTeXDeclareMathSymbol@option ...XeTeXcharglyph 
                                                  \XeTeXDeclareMathSymbol@sl...
l.69   ]{times.ttf}
                   

thesis-uestc.cls:69: Missing = inserted for \ifnum.
<to be read again> 
                   `
l.69   ]{times.ttf}
                   
I was expecting to see `<', `=', or `>'. Didn't.

thesis-uestc.cls:69: Cannot use \XeTeXcharglyph with nullfont; not a native pla
tform font.
\\XeTeXDeclareMathSymbol@option ...XeTeXcharglyph 
                                                  \XeTeXDeclareMathSymbol@sl...
l.69   ]{times.ttf}
                   

thesis-uestc.cls:69: Missing = inserted for \ifnum.
<to be read again> 
                   `
l.69   ]{times.ttf}
                   
I was expecting to see `<', `=', or `>'. Didn't.

thesis-uestc.cls:69: Cannot use \XeTeXcharglyph with nullfont; not a native pla
tform font.
\\XeTeXDeclareMathSymbol@option ...XeTeXcharglyph 
                                                  \XeTeXDeclareMathSymbol@sl...
l.69   ]{times.ttf}
                   

thesis-uestc.cls:69: Missing = inserted for \ifnum.
<to be read again> 
                   `
l.69   ]{times.ttf}
                   
I was expecting to see `<', `=', or `>'. Didn't.

thesis-uestc.cls:69: Cannot use \XeTeXcharglyph with nullfont; not a native pla
tform font.
\\XeTeXDeclareMathSymbol@option ...XeTeXcharglyph 
                                                  \XeTeXDeclareMathSymbol@sl...
l.69   ]{times.ttf}
                   

thesis-uestc.cls:69: Missing = inserted for \ifnum.
<to be read again> 
                   `
l.69   ]{times.ttf}
                   
I was expecting to see `<', `=', or `>'. Didn't.

thesis-uestc.cls:69: Cannot use \XeTeXcharglyph with nullfont; not a native pla
tform font.
\\XeTeXDeclareMathSymbol@option ...XeTeXcharglyph 
                                                  \XeTeXDeclareMathSymbol@sl...
l.69   ]{times.ttf}
                   

thesis-uestc.cls:69: Missing = inserted for \ifnum.
<to be read again> 
                   `
l.69   ]{times.ttf}
                   
I was expecting to see `<', `=', or `>'. Didn't.

thesis-uestc.cls:69: Cannot use \XeTeXcharglyph with nullfont; not a native pla
tform font.
\\XeTeXDeclareMathSymbol@option ...XeTeXcharglyph 
                                                  \XeTeXDeclareMathSymbol@sl...
l.69   ]{times.ttf}
                   

thesis-uestc.cls:69: Missing = inserted for \ifnum.
<to be read again> 
                   `
l.69   ]{times.ttf}
                   
I was expecting to see `<', `=', or `>'. Didn't.

thesis-uestc.cls:69: Cannot use \XeTeXcharglyph with nullfont; not a native pla
tform font.
\\XeTeXDeclareMathSymbol@option ...XeTeXcharglyph 
                                                  \XeTeXDeclareMathSymbol@sl...
l.69   ]{times.ttf}
                   

thesis-uestc.cls:69: Missing = inserted for \ifnum.
<to be read again> 
                   `
l.69   ]{times.ttf}
                   
I was expecting to see `<', `=', or `>'. Didn't.

thesis-uestc.cls:69: Cannot use \XeTeXcharglyph with nullfont; not a native pla
tform font.
\\XeTeXDeclareMathSymbol@option ...XeTeXcharglyph 
                                                  \XeTeXDeclareMathSymbol@sl...
l.69   ]{times.ttf}
                   

thesis-uestc.cls:69: Missing = inserted for \ifnum.
<to be read again> 
                   `
l.69   ]{times.ttf}
                   
I was expecting to see `<', `=', or `>'. Didn't.

thesis-uestc.cls:69: Cannot use \XeTeXcharglyph with nullfont; not a native pla
tform font.
\\XeTeXDeclareMathSymbol@option ...XeTeXcharglyph 
                                                  \XeTeXDeclareMathSymbol@sl...
l.69   ]{times.ttf}
                   

thesis-uestc.cls:69: Missing = inserted for \ifnum.
<to be read again> 
                   `
l.69   ]{times.ttf}
                   
I was expecting to see `<', `=', or `>'. Didn't.

thesis-uestc.cls:69: Cannot use \XeTeXcharglyph with nullfont; not a native pla
tform font.
\\XeTeXDeclareMathSymbol@option ...XeTeXcharglyph 
                                                  \XeTeXDeclareMathSymbol@sl...
l.69   ]{times.ttf}
                   

thesis-uestc.cls:69: Missing = inserted for \ifnum.
<to be read again> 
                   `
l.69   ]{times.ttf}
                   
I was expecting to see `<', `=', or `>'. Didn't.

thesis-uestc.cls:69: Cannot use \XeTeXcharglyph with nullfont; not a native pla
tform font.
\\XeTeXDeclareMathSymbol@option ...XeTeXcharglyph 
                                                  \XeTeXDeclareMathSymbol@sl...
l.69   ]{times.ttf}
                   

thesis-uestc.cls:69: Missing = inserted for \ifnum.
<to be read again> 
                   `
l.69   ]{times.ttf}
                   
I was expecting to see `<', `=', or `>'. Didn't.

thesis-uestc.cls:69: Cannot use \XeTeXcharglyph with nullfont; not a native pla
tform font.
\\XeTeXDeclareMathSymbol@option ...XeTeXcharglyph 
                                                  \XeTeXDeclareMathSymbol@sl...
l.69   ]{times.ttf}
                   

thesis-uestc.cls:69: Missing = inserted for \ifnum.
<to be read again> 
                   `
l.69   ]{times.ttf}
                   
I was expecting to see `<', `=', or `>'. Didn't.

thesis-uestc.cls:69: Cannot use \XeTeXcharglyph with nullfont; not a native pla
tform font.
\\XeTeXDeclareMathSymbol@option ...XeTeXcharglyph 
                                                  \XeTeXDeclareMathSymbol@sl...
l.69   ]{times.ttf}
                   

thesis-uestc.cls:69: Missing = inserted for \ifnum.
<to be read again> 
                   `
l.69   ]{times.ttf}
                   
I was expecting to see `<', `=', or `>'. Didn't.

thesis-uestc.cls:69: Cannot use \XeTeXcharglyph with nullfont; not a native pla
tform font.
\\XeTeXDeclareMathSymbol@option ...XeTeXcharglyph 
                                                  \XeTeXDeclareMathSymbol@sl...
l.69   ]{times.ttf}
                   

thesis-uestc.cls:69: Missing = inserted for \ifnum.
<to be read again> 
                   `
l.69   ]{times.ttf}
                   
I was expecting to see `<', `=', or `>'. Didn't.

thesis-uestc.cls:69: Cannot use \XeTeXcharglyph with nullfont; not a native pla
tform font.
\\XeTeXDeclareMathSymbol@option ...XeTeXcharglyph 
                                                  \XeTeXDeclareMathSymbol@sl...
l.69   ]{times.ttf}
                   

thesis-uestc.cls:69: Missing = inserted for \ifnum.
<to be read again> 
                   `
l.69   ]{times.ttf}
                   
I was expecting to see `<', `=', or `>'. Didn't.

thesis-uestc.cls:69: Cannot use \XeTeXcharglyph with nullfont; not a native pla
tform font.
\\XeTeXDeclareMathSymbol@option ...XeTeXcharglyph 
                                                  \XeTeXDeclareMathSymbol@sl...
l.69   ]{times.ttf}
                   

thesis-uestc.cls:69: Missing = inserted for \ifnum.
<to be read again> 
                   `
l.69   ]{times.ttf}
                   
I was expecting to see `<', `=', or `>'. Didn't.

thesis-uestc.cls:69: Cannot use \XeTeXcharglyph with nullfont; not a native pla
tform font.
\\XeTeXDeclareMathSymbol@option ...XeTeXcharglyph 
                                                  \XeTeXDeclareMathSymbol@sl...
l.69   ]{times.ttf}
                   

thesis-uestc.cls:69: Missing = inserted for \ifnum.
<to be read again> 
                   `
l.69   ]{times.ttf}
                   
I was expecting to see `<', `=', or `>'. Didn't.

thesis-uestc.cls:69: Cannot use \XeTeXcharglyph with nullfont; not a native pla
tform font.
\\XeTeXDeclareMathSymbol@option ...XeTeXcharglyph 
                                                  \XeTeXDeclareMathSymbol@sl...
l.69   ]{times.ttf}
                   

thesis-uestc.cls:69: Missing = inserted for \ifnum.
<to be read again> 
                   `
l.69   ]{times.ttf}
                   
I was expecting to see `<', `=', or `>'. Didn't.

thesis-uestc.cls:69: Cannot use \XeTeXcharglyph with nullfont; not a native pla
tform font.
\\XeTeXDeclareMathSymbol@option ...XeTeXcharglyph 
                                                  \XeTeXDeclareMathSymbol@sl...
l.69   ]{times.ttf}
                   

thesis-uestc.cls:69: Missing = inserted for \ifnum.
<to be read again> 
                   `
l.69   ]{times.ttf}
                   
I was expecting to see `<', `=', or `>'. Didn't.

thesis-uestc.cls:69: Cannot use \XeTeXcharglyph with nullfont; not a native pla
tform font.
\\XeTeXDeclareMathSymbol@option ...XeTeXcharglyph 
                                                  \XeTeXDeclareMathSymbol@sl...
l.69   ]{times.ttf}
                   

thesis-uestc.cls:69: Missing = inserted for \ifnum.
<to be read again> 
                   `
l.69   ]{times.ttf}
                   
I was expecting to see `<', `=', or `>'. Didn't.

thesis-uestc.cls:69: Cannot use \XeTeXcharglyph with nullfont; not a native pla
tform font.
\\XeTeXDeclareMathSymbol@option ...XeTeXcharglyph 
                                                  \XeTeXDeclareMathSymbol@sl...
l.69   ]{times.ttf}
                   

thesis-uestc.cls:69: Missing = inserted for \ifnum.
<to be read again> 
                   `
l.69   ]{times.ttf}
                   
I was expecting to see `<', `=', or `>'. Didn't.

thesis-uestc.cls:69: Cannot use \XeTeXcharglyph with nullfont; not a native pla
tform font.
\\XeTeXDeclareMathSymbol@option ...XeTeXcharglyph 
                                                  \XeTeXDeclareMathSymbol@sl...
l.69   ]{times.ttf}
                   

thesis-uestc.cls:69: Missing = inserted for \ifnum.
<to be read again> 
                   `
l.69   ]{times.ttf}
                   
I was expecting to see `<', `=', or `>'. Didn't.

thesis-uestc.cls:69: Cannot use \XeTeXcharglyph with nullfont; not a native pla
tform font.
\\XeTeXDeclareMathSymbol@option ...XeTeXcharglyph 
                                                  \XeTeXDeclareMathSymbol@sl...
l.69   ]{times.ttf}
                   

thesis-uestc.cls:69: Missing = inserted for \ifnum.
<to be read again> 
                   `
l.69   ]{times.ttf}
                   
I was expecting to see `<', `=', or `>'. Didn't.

thesis-uestc.cls:69: Cannot use \XeTeXcharglyph with nullfont; not a native pla
tform font.
\\XeTeXDeclareMathSymbol@option ...XeTeXcharglyph 
                                                  \XeTeXDeclareMathSymbol@sl...
l.69   ]{times.ttf}
                   

thesis-uestc.cls:69: Missing = inserted for \ifnum.
<to be read again> 
                   `
l.69   ]{times.ttf}
                   
I was expecting to see `<', `=', or `>'. Didn't.

thesis-uestc.cls:69: Cannot use \XeTeXcharglyph with nullfont; not a native pla
tform font.
\\XeTeXDeclareMathSymbol@option ...XeTeXcharglyph 
                                                  \XeTeXDeclareMathSymbol@sl...
l.69   ]{times.ttf}
                   

thesis-uestc.cls:69: Missing = inserted for \ifnum.
<to be read again> 
                   `
l.69   ]{times.ttf}
                   
I was expecting to see `<', `=', or `>'. Didn't.

thesis-uestc.cls:69: Cannot use \XeTeXcharglyph with nullfont; not a native pla
tform font.
\\XeTeXDeclareMathSymbol@option ...XeTeXcharglyph 
                                                  \XeTeXDeclareMathSymbol@sl...
l.69   ]{times.ttf}
                   

thesis-uestc.cls:69: Missing = inserted for \ifnum.
<to be read again> 
                   `
l.69   ]{times.ttf}
                   
I was expecting to see `<', `=', or `>'. Didn't.

thesis-uestc.cls:69: Cannot use \XeTeXcharglyph with nullfont; not a native pla
tform font.
\\XeTeXDeclareMathSymbol@option ...XeTeXcharglyph 
                                                  \XeTeXDeclareMathSymbol@sl...
l.69   ]{times.ttf}
                   
(That makes 100 errors; please try again.) 
Here is how much of TeX's memory you used:
 13889 strings out of 410670
 298302 string characters out of 2819754
 701655 words of memory out of 3000000
 34757 multiletter control sequences out of 15000+600000
 469825 words of font info for 31 fonts, out of 8000000 for 9000
 1348 hyphenation exceptions out of 8191
 106i,0n,105p,1208b,259s stack positions out of 10000i,1000n,20000p,200000b,80000s

No pages of output.
